<?xml version="1.0" encoding="UTF-8"?>
<!-- Generated by org.testng.reporters.JUnitReportReporter -->
<testsuite hostname="vicky" failures="0" tests="2" name="Practice2.TestNG2" time="0.020" errors="0" timestamp="2022-06-30T14:25:54 IST" skipped="0">
  <testcase classname="Practice2.TestNG2" name="GoogleLogoTest" time="0.010"/>
  <system-out/>
  <testcase classname="Practice2.TestNG2" name="GoogleTitleTest" time="0.010"/>
  <system-out/>
</testsuite> <!-- Practice2.TestNG2 -->
