<?xml version="1.0" encoding="UTF-8"?>
<!-- Generated by org.testng.reporters.JUnitReportReporter -->
<testsuite skipped="0" hostname="vicky" name="PallaralTesting.Test2" tests="1" failures="0" timestamp="2022-07-14T16:50:09 IST" time="14.726" errors="0">
  <testcase name="demo" time="14.726" classname="PallaralTesting.Test2"/>
  <system-out/>
</testsuite> <!-- PallaralTesting.Test2 -->
