<?xml version="1.0" encoding="UTF-8"?>
<!-- Generated by org.testng.reporters.JUnitReportReporter -->
<testsuite skipped="0" hostname="vicky" name="CrossBrowserTesting.Cross1" tests="4" failures="0" timestamp="2022-07-14T17:31:42 IST" time="109.345" errors="0">
  <testcase name="verifyTitle" time="27.277" classname="CrossBrowserTesting.Cross1"/>
  <system-out/>
  <testcase name="verifyTitle" time="25.249" classname="CrossBrowserTesting.Cross1"/>
  <system-out/>
  <testcase name="verifyTitle" time="26.369" classname="CrossBrowserTesting.Cross1"/>
  <system-out/>
  <testcase name="verifyTitle" time="30.450" classname="CrossBrowserTesting.Cross1"/>
  <system-out/>
</testsuite> <!-- CrossBrowserTesting.Cross1 -->
