<?xml version="1.0" encoding="UTF-8"?>
<!-- Generated by org.testng.reporters.JUnitReportReporter -->
<testsuite hostname="vicky" failures="0" tests="4" name="TestNG_DataProvider.Class2DataProvide" time="44.043" errors="0" timestamp="2022-07-06T17:36:10 IST" skipped="0">
  <testcase classname="TestNG_DataProvider.Class2DataProvide" name="login" time="8.833"/>
  <system-out/>
  <testcase classname="TestNG_DataProvider.Class2DataProvide" name="login" time="9.516"/>
  <system-out/>
  <testcase classname="TestNG_DataProvider.Class2DataProvide" name="login" time="8.114"/>
  <system-out/>
  <testcase classname="TestNG_DataProvider.Class2DataProvide" name="login" time="17.580"/>
  <system-out/>
</testsuite> <!-- TestNG_DataProvider.Class2DataProvide -->
