<?xml version="1.0" encoding="UTF-8"?>
<!-- Generated by org.testng.reporters.JUnitReportReporter -->
<testsuite hostname="vicky" failures="0" tests="6" name="TestNG.TestNG_Priority" time="49.395" errors="0" timestamp="2022-07-01T17:58:26 IST" skipped="0">
  <testcase classname="TestNG.TestNG_Priority" name="logo" time="8.592"/>
  <system-out/>
  <testcase classname="TestNG.TestNG_Priority" name="forgotlink" time="8.156"/>
  <system-out/>
  <testcase classname="TestNG.TestNG_Priority" name="Test1" time="8.298"/>
  <system-out/>
  <testcase classname="TestNG.TestNG_Priority" name="Test2" time="9.201"/>
  <system-out/>
  <testcase classname="TestNG.TestNG_Priority" name="Test3" time="8.066"/>
  <system-out/>
  <testcase classname="TestNG.TestNG_Priority" name="loginpage" time="7.082"/>
  <system-out/>
</testsuite> <!-- TestNG.TestNG_Priority -->
