<?xml version="1.0" encoding="UTF-8"?>
<!-- Generated by org.testng.reporters.JUnitReportReporter -->
<testsuite hostname="vicky" failures="0" tests="2" name="TestNG.EmailibaleReport" time="0.019" errors="0" timestamp="2022-06-30T22:48:28 IST" skipped="0">
  <testcase classname="TestNG.EmailibaleReport" name="GoogleTitle" time="0.017"/>
  <system-out>
    <![CDATA[Running test Case1]]>
  </system-out>
  <testcase classname="TestNG.EmailibaleReport" name="SearchText" time="0.002"/>
  <system-out>
    <![CDATA[Running Test Case2]]>
  </system-out>
</testsuite> <!-- TestNG.EmailibaleReport -->
