<?xml version="1.0" encoding="UTF-8"?>
<!-- Generated by org.testng.reporters.JUnitReportReporter -->
<testsuite hostname="vicky" failures="0" tests="4" name="TestNG_DataProvider.Class1DataProvider" time="0.018" errors="0" timestamp="2022-07-21T14:49:51 IST" skipped="0">
  <testcase classname="TestNG_DataProvider.Class1DataProvider" name="kiteTest" time="0.003"/>
  <system-out/>
  <testcase classname="TestNG_DataProvider.Class1DataProvider" name="kiteTest" time="0.009"/>
  <system-out/>
  <testcase classname="TestNG_DataProvider.Class1DataProvider" name="kiteTest" time="0.003"/>
  <system-out/>
  <testcase classname="TestNG_DataProvider.Class1DataProvider" name="kiteTest" time="0.003"/>
  <system-out/>
</testsuite> <!-- TestNG_DataProvider.Class1DataProvider -->
