<?xml version="1.0" encoding="UTF-8"?>
<!-- Generated by org.testng.reporters.JUnitReportReporter -->
<testsuite hostname="vicky" failures="0" tests="3" name="CrossBrowserTesting.Prcatice_cb" time="17.420" errors="0" timestamp="2022-07-28T13:54:02 IST" skipped="0">
  <testcase classname="CrossBrowserTesting.Prcatice_cb" name="Test1" time="4.838"/>
  <system-out/>
  <testcase classname="CrossBrowserTesting.Prcatice_cb" name="Test1" time="7.287"/>
  <system-out/>
  <testcase classname="CrossBrowserTesting.Prcatice_cb" name="Test1" time="5.295"/>
  <system-out/>
</testsuite> <!-- CrossBrowserTesting.Prcatice_cb -->
