<?xml version="1.0" encoding="UTF-8"?>
<!-- Generated by org.testng.reporters.JUnitReportReporter -->
<testsuite skipped="0" hostname="vicky" name="PallaralTesting.Google" tests="1" failures="0" timestamp="2022-07-14T16:38:19 IST" time="22.722" errors="0">
  <testcase name="TC2" time="22.722" classname="PallaralTesting.Google"/>
  <system-out/>
</testsuite> <!-- PallaralTesting.Google -->
