<?xml version="1.0" encoding="UTF-8"?>
<!-- Generated by org.testng.reporters.JUnitReportReporter -->
<testsuite hostname="vicky" failures="0" tests="50" name="TestNG.invocationCount" time="0.129" errors="0" timestamp="2022-06-30T20:33:07 IST" skipped="0">
  <testcase classname="TestNG.invocationCount" name="m1" time="0.001"/>
  <system-out/>
  <testcase classname="TestNG.invocationCount" name="m1" time="0.001"/>
  <system-out/>
  <testcase classname="TestNG.invocationCount" name="m1" time="0.002"/>
  <system-out/>
  <testcase classname="TestNG.invocationCount" name="m1" time="0.003"/>
  <system-out/>
  <testcase classname="TestNG.invocationCount" name="m1" time="0.002"/>
  <system-out/>
  <testcase classname="TestNG.invocationCount" name="m1" time="0.001"/>
  <system-out/>
  <testcase classname="TestNG.invocationCount" name="m1" time="0.002"/>
  <system-out/>
  <testcase classname="TestNG.invocationCount" name="m1" time="0.001"/>
  <system-out/>
  <testcase classname="TestNG.invocationCount" name="m1" time="0.000"/>
  <system-out/>
  <testcase classname="TestNG.invocationCount" name="m1" time="0.001"/>
  <system-out/>
  <testcase classname="TestNG.invocationCount" name="m1" time="0.001"/>
  <system-out/>
  <testcase classname="TestNG.invocationCount" name="m1" time="0.001"/>
  <system-out/>
  <testcase classname="TestNG.invocationCount" name="m1" time="0.001"/>
  <system-out/>
  <testcase classname="TestNG.invocationCount" name="m1" time="0.001"/>
  <system-out/>
  <testcase classname="TestNG.invocationCount" name="m1" time="0.007"/>
  <system-out/>
  <testcase classname="TestNG.invocationCount" name="m1" time="0.002"/>
  <system-out/>
  <testcase classname="TestNG.invocationCount" name="m1" time="0.001"/>
  <system-out/>
  <testcase classname="TestNG.invocationCount" name="m1" time="0.002"/>
  <system-out/>
  <testcase classname="TestNG.invocationCount" name="m1" time="0.001"/>
  <system-out/>
  <testcase classname="TestNG.invocationCount" name="m1" time="0.001"/>
  <system-out/>
  <testcase classname="TestNG.invocationCount" name="m1" time="0.003"/>
  <system-out/>
  <testcase classname="TestNG.invocationCount" name="m1" time="0.002"/>
  <system-out/>
  <testcase classname="TestNG.invocationCount" name="m1" time="0.001"/>
  <system-out/>
  <testcase classname="TestNG.invocationCount" name="m1" time="0.005"/>
  <system-out/>
  <testcase classname="TestNG.invocationCount" name="m1" time="0.001"/>
  <system-out/>
  <testcase classname="TestNG.invocationCount" name="m1" time="0.002"/>
  <system-out/>
  <testcase classname="TestNG.invocationCount" name="m1" time="0.006"/>
  <system-out/>
  <testcase classname="TestNG.invocationCount" name="m1" time="0.002"/>
  <system-out/>
  <testcase classname="TestNG.invocationCount" name="m1" time="0.014"/>
  <system-out/>
  <testcase classname="TestNG.invocationCount" name="m1" time="0.001"/>
  <system-out/>
  <testcase classname="TestNG.invocationCount" name="m1" time="0.002"/>
  <system-out/>
  <testcase classname="TestNG.invocationCount" name="m1" time="0.006"/>
  <system-out/>
  <testcase classname="TestNG.invocationCount" name="m1" time="0.001"/>
  <system-out/>
  <testcase classname="TestNG.invocationCount" name="m1" time="0.002"/>
  <system-out/>
  <testcase classname="TestNG.invocationCount" name="m1" time="0.002"/>
  <system-out/>
  <testcase classname="TestNG.invocationCount" name="m1" time="0.002"/>
  <system-out/>
  <testcase classname="TestNG.invocationCount" name="m1" time="0.002"/>
  <system-out/>
  <testcase classname="TestNG.invocationCount" name="m1" time="0.007"/>
  <system-out/>
  <testcase classname="TestNG.invocationCount" name="m1" time="0.002"/>
  <system-out/>
  <testcase classname="TestNG.invocationCount" name="m1" time="0.003"/>
  <system-out/>
  <testcase classname="TestNG.invocationCount" name="m1" time="0.014"/>
  <system-out/>
  <testcase classname="TestNG.invocationCount" name="m1" time="0.005"/>
  <system-out/>
  <testcase classname="TestNG.invocationCount" name="m1" time="0.001"/>
  <system-out/>
  <testcase classname="TestNG.invocationCount" name="m1" time="0.001"/>
  <system-out/>
  <testcase classname="TestNG.invocationCount" name="m1" time="0.001"/>
  <system-out/>
  <testcase classname="TestNG.invocationCount" name="m1" time="0.002"/>
  <system-out/>
  <testcase classname="TestNG.invocationCount" name="m1" time="0.002"/>
  <system-out/>
  <testcase classname="TestNG.invocationCount" name="m1" time="0.002"/>
  <system-out/>
  <testcase classname="TestNG.invocationCount" name="m1" time="0.001"/>
  <system-out/>
  <testcase classname="TestNG.invocationCount" name="m1" time="0.002"/>
  <system-out/>
</testsuite> <!-- TestNG.invocationCount -->
