<?xml version="1.0" encoding="UTF-8"?>
<!-- Generated by org.testng.reporters.JUnitReportReporter -->
<testsuite hostname="vicky" failures="0" tests="2" name="TestNG.TestNg_Annotations" time="0.025" errors="0" timestamp="2022-06-29T00:02:00 IST" skipped="0">
  <testcase classname="TestNG.TestNg_Annotations" name="googleLogoTest" time="0.011"/>
  <system-out/>
  <testcase classname="TestNG.TestNg_Annotations" name="googleTitleTest" time="0.014"/>
  <system-out/>
</testsuite> <!-- TestNG.TestNg_Annotations -->
