<?xml version="1.0" encoding="UTF-8"?>
<!-- Generated by org.testng.reporters.JUnitReportReporter -->
<testsuite skipped="0" hostname="vicky" name="TestNG.TestNG_Groups" tests="6" failures="0" timestamp="2022-07-14T17:03:38 IST" time="30.534" errors="0">
  <testcase name="test3" time="4.110" classname="TestNG.TestNG_Groups"/>
  <system-out/>
  <testcase name="test2" time="7.551" classname="TestNG.TestNG_Groups"/>
  <system-out/>
  <testcase name="test1" time="4.938" classname="TestNG.TestNG_Groups"/>
  <system-out/>
  <testcase name="link" time="4.038" classname="TestNG.TestNG_Groups"/>
  <system-out/>
  <testcase name="Logo" time="3.875" classname="TestNG.TestNG_Groups"/>
  <system-out/>
  <testcase name="LoginPage" time="6.022" classname="TestNG.TestNG_Groups"/>
  <system-out/>
</testsuite> <!-- TestNG.TestNG_Groups -->
