<?xml version="1.0" encoding="UTF-8"?>
<!-- Generated by org.testng.reporters.JUnitReportReporter -->
<testsuite hostname="vicky" failures="0" tests="3" name="testNg_Assertion.HerdAssertion" time="18.023" errors="0" timestamp="2022-07-02T15:45:05 IST" skipped="1">
  <testcase classname="testNg_Assertion.HerdAssertion" name="UserName" time="11.099"/>
  <system-out/>
  <testcase classname="testNg_Assertion.HerdAssertion" name="kiteLogo" time="6.924"/>
  <system-out/>
  <testcase classname="testNg_Assertion.HerdAssertion" name="Pass">
    <skipped/>
  </testcase> <!-- Pass -->
  <system-out/>
</testsuite> <!-- testNg_Assertion.HerdAssertion -->
