<?xml version="1.0" encoding="UTF-8"?>
<!-- Generated by org.testng.reporters.JUnitReportReporter -->
<testsuite hostname="vicky" failures="0" tests="50" name="TestNG.TestNg_invocationCount" time="0.147" errors="0" timestamp="2022-07-03T13:02:14 IST" skipped="0">
  <testcase classname="TestNG.TestNg_invocationCount" name="m1" time="0.004"/>
  <system-out/>
  <testcase classname="TestNG.TestNg_invocationCount" name="m1" time="0.001"/>
  <system-out/>
  <testcase classname="TestNG.TestNg_invocationCount" name="m1" time="0.001"/>
  <system-out/>
  <testcase classname="TestNG.TestNg_invocationCount" name="m1" time="0.002"/>
  <system-out/>
  <testcase classname="TestNG.TestNg_invocationCount" name="m1" time="0.001"/>
  <system-out/>
  <testcase classname="TestNG.TestNg_invocationCount" name="m1" time="0.002"/>
  <system-out/>
  <testcase classname="TestNG.TestNg_invocationCount" name="m1" time="0.004"/>
  <system-out/>
  <testcase classname="TestNG.TestNg_invocationCount" name="m1" time="0.001"/>
  <system-out/>
  <testcase classname="TestNG.TestNg_invocationCount" name="m1" time="0.001"/>
  <system-out/>
  <testcase classname="TestNG.TestNg_invocationCount" name="m1" time="0.001"/>
  <system-out/>
  <testcase classname="TestNG.TestNg_invocationCount" name="m1" time="0.002"/>
  <system-out/>
  <testcase classname="TestNG.TestNg_invocationCount" name="m1" time="0.002"/>
  <system-out/>
  <testcase classname="TestNG.TestNg_invocationCount" name="m1" time="0.001"/>
  <system-out/>
  <testcase classname="TestNG.TestNg_invocationCount" name="m1" time="0.003"/>
  <system-out/>
  <testcase classname="TestNG.TestNg_invocationCount" name="m1" time="0.002"/>
  <system-out/>
  <testcase classname="TestNG.TestNg_invocationCount" name="m1" time="0.002"/>
  <system-out/>
  <testcase classname="TestNG.TestNg_invocationCount" name="m1" time="0.001"/>
  <system-out/>
  <testcase classname="TestNG.TestNg_invocationCount" name="m1" time="0.004"/>
  <system-out/>
  <testcase classname="TestNG.TestNg_invocationCount" name="m1" time="0.002"/>
  <system-out/>
  <testcase classname="TestNG.TestNg_invocationCount" name="m1" time="0.001"/>
  <system-out/>
  <testcase classname="TestNG.TestNg_invocationCount" name="m1" time="0.003"/>
  <system-out/>
  <testcase classname="TestNG.TestNg_invocationCount" name="m1" time="0.005"/>
  <system-out/>
  <testcase classname="TestNG.TestNg_invocationCount" name="m1" time="0.001"/>
  <system-out/>
  <testcase classname="TestNG.TestNg_invocationCount" name="m1" time="0.002"/>
  <system-out/>
  <testcase classname="TestNG.TestNg_invocationCount" name="m1" time="0.001"/>
  <system-out/>
  <testcase classname="TestNG.TestNg_invocationCount" name="m1" time="0.002"/>
  <system-out/>
  <testcase classname="TestNG.TestNg_invocationCount" name="m1" time="0.002"/>
  <system-out/>
  <testcase classname="TestNG.TestNg_invocationCount" name="m1" time="0.001"/>
  <system-out/>
  <testcase classname="TestNG.TestNg_invocationCount" name="m1" time="0.020"/>
  <system-out/>
  <testcase classname="TestNG.TestNg_invocationCount" name="m1" time="0.008"/>
  <system-out/>
  <testcase classname="TestNG.TestNg_invocationCount" name="m1" time="0.003"/>
  <system-out/>
  <testcase classname="TestNG.TestNg_invocationCount" name="m1" time="0.004"/>
  <system-out/>
  <testcase classname="TestNG.TestNg_invocationCount" name="m1" time="0.001"/>
  <system-out/>
  <testcase classname="TestNG.TestNg_invocationCount" name="m1" time="0.004"/>
  <system-out/>
  <testcase classname="TestNG.TestNg_invocationCount" name="m1" time="0.003"/>
  <system-out/>
  <testcase classname="TestNG.TestNg_invocationCount" name="m1" time="0.003"/>
  <system-out/>
  <testcase classname="TestNG.TestNg_invocationCount" name="m1" time="0.002"/>
  <system-out/>
  <testcase classname="TestNG.TestNg_invocationCount" name="m1" time="0.009"/>
  <system-out/>
  <testcase classname="TestNG.TestNg_invocationCount" name="m1" time="0.001"/>
  <system-out/>
  <testcase classname="TestNG.TestNg_invocationCount" name="m1" time="0.002"/>
  <system-out/>
  <testcase classname="TestNG.TestNg_invocationCount" name="m1" time="0.015"/>
  <system-out/>
  <testcase classname="TestNG.TestNg_invocationCount" name="m1" time="0.006"/>
  <system-out/>
  <testcase classname="TestNG.TestNg_invocationCount" name="m1" time="0.001"/>
  <system-out/>
  <testcase classname="TestNG.TestNg_invocationCount" name="m1" time="0.001"/>
  <system-out/>
  <testcase classname="TestNG.TestNg_invocationCount" name="m1" time="0.002"/>
  <system-out/>
  <testcase classname="TestNG.TestNg_invocationCount" name="m1" time="0.001"/>
  <system-out/>
  <testcase classname="TestNG.TestNg_invocationCount" name="m1" time="0.002"/>
  <system-out/>
  <testcase classname="TestNG.TestNg_invocationCount" name="m1" time="0.003"/>
  <system-out/>
  <testcase classname="TestNG.TestNg_invocationCount" name="m1" time="0.000"/>
  <system-out/>
  <testcase classname="TestNG.TestNg_invocationCount" name="m1" time="0.001"/>
  <system-out/>
</testsuite> <!-- TestNG.TestNg_invocationCount -->
