<?xml version="1.0" encoding="UTF-8"?>
<!-- Generated by org.testng.reporters.JUnitReportReporter -->
<testsuite skipped="0" hostname="vicky" name="PallaralTesting.Facebook" tests="1" failures="0" timestamp="2022-07-14T16:38:19 IST" time="24.182" errors="0">
  <testcase name="TC3" time="24.182" classname="PallaralTesting.Facebook"/>
  <system-out/>
</testsuite> <!-- PallaralTesting.Facebook -->
