<?xml version="1.0" encoding="UTF-8"?>
<!-- Generated by org.testng.reporters.JUnitReportReporter -->
<testsuite skipped="0" hostname="vicky" name="PallaralTesting.Test1" tests="3" failures="0" timestamp="2022-07-14T16:50:09 IST" time="25.431" errors="0">
  <testcase name="module3" time="6.089" classname="PallaralTesting.Test1"/>
  <system-out/>
  <testcase name="module2" time="6.058" classname="PallaralTesting.Test1"/>
  <system-out/>
  <testcase name="module1" time="13.284" classname="PallaralTesting.Test1"/>
  <system-out/>
</testsuite> <!-- PallaralTesting.Test1 -->
