<?xml version="1.0" encoding="UTF-8"?>
<!-- Generated by org.testng.reporters.JUnitReportReporter -->
<testsuite hostname="vicky" failures="0" tests="100" name="TestNG.KIte_Test5" time="0.227" errors="0" timestamp="2022-06-30T14:03:37 IST" skipped="0">
  <testcase classname="TestNG.KIte_Test5" name="m1" time="0.005"/>
  <system-out/>
  <testcase classname="TestNG.KIte_Test5" name="m1" time="0.002"/>
  <system-out/>
  <testcase classname="TestNG.KIte_Test5" name="m1" time="0.003"/>
  <system-out/>
  <testcase classname="TestNG.KIte_Test5" name="m1" time="0.000"/>
  <system-out/>
  <testcase classname="TestNG.KIte_Test5" name="m1" time="0.001"/>
  <system-out/>
  <testcase classname="TestNG.KIte_Test5" name="m1" time="0.001"/>
  <system-out/>
  <testcase classname="TestNG.KIte_Test5" name="m1" time="0.001"/>
  <system-out/>
  <testcase classname="TestNG.KIte_Test5" name="m1" time="0.001"/>
  <system-out/>
  <testcase classname="TestNG.KIte_Test5" name="m1" time="0.001"/>
  <system-out/>
  <testcase classname="TestNG.KIte_Test5" name="m1" time="0.001"/>
  <system-out/>
  <testcase classname="TestNG.KIte_Test5" name="m1" time="0.000"/>
  <system-out/>
  <testcase classname="TestNG.KIte_Test5" name="m1" time="0.000"/>
  <system-out/>
  <testcase classname="TestNG.KIte_Test5" name="m1" time="0.001"/>
  <system-out/>
  <testcase classname="TestNG.KIte_Test5" name="m1" time="0.001"/>
  <system-out/>
  <testcase classname="TestNG.KIte_Test5" name="m1" time="0.001"/>
  <system-out/>
  <testcase classname="TestNG.KIte_Test5" name="m1" time="0.001"/>
  <system-out/>
  <testcase classname="TestNG.KIte_Test5" name="m1" time="0.000"/>
  <system-out/>
  <testcase classname="TestNG.KIte_Test5" name="m1" time="0.001"/>
  <system-out/>
  <testcase classname="TestNG.KIte_Test5" name="m1" time="0.001"/>
  <system-out/>
  <testcase classname="TestNG.KIte_Test5" name="m1" time="0.001"/>
  <system-out/>
  <testcase classname="TestNG.KIte_Test5" name="m1" time="0.002"/>
  <system-out/>
  <testcase classname="TestNG.KIte_Test5" name="m1" time="0.002"/>
  <system-out/>
  <testcase classname="TestNG.KIte_Test5" name="m1" time="0.001"/>
  <system-out/>
  <testcase classname="TestNG.KIte_Test5" name="m1" time="0.001"/>
  <system-out/>
  <testcase classname="TestNG.KIte_Test5" name="m1" time="0.001"/>
  <system-out/>
  <testcase classname="TestNG.KIte_Test5" name="m1" time="0.001"/>
  <system-out/>
  <testcase classname="TestNG.KIte_Test5" name="m1" time="0.001"/>
  <system-out/>
  <testcase classname="TestNG.KIte_Test5" name="m1" time="0.001"/>
  <system-out/>
  <testcase classname="TestNG.KIte_Test5" name="m1" time="0.002"/>
  <system-out/>
  <testcase classname="TestNG.KIte_Test5" name="m1" time="0.001"/>
  <system-out/>
  <testcase classname="TestNG.KIte_Test5" name="m1" time="0.001"/>
  <system-out/>
  <testcase classname="TestNG.KIte_Test5" name="m1" time="0.001"/>
  <system-out/>
  <testcase classname="TestNG.KIte_Test5" name="m1" time="0.001"/>
  <system-out/>
  <testcase classname="TestNG.KIte_Test5" name="m1" time="0.001"/>
  <system-out/>
  <testcase classname="TestNG.KIte_Test5" name="m1" time="0.001"/>
  <system-out/>
  <testcase classname="TestNG.KIte_Test5" name="m1" time="0.005"/>
  <system-out/>
  <testcase classname="TestNG.KIte_Test5" name="m1" time="0.001"/>
  <system-out/>
  <testcase classname="TestNG.KIte_Test5" name="m1" time="0.004"/>
  <system-out/>
  <testcase classname="TestNG.KIte_Test5" name="m1" time="0.004"/>
  <system-out/>
  <testcase classname="TestNG.KIte_Test5" name="m1" time="0.004"/>
  <system-out/>
  <testcase classname="TestNG.KIte_Test5" name="m1" time="0.004"/>
  <system-out/>
  <testcase classname="TestNG.KIte_Test5" name="m1" time="0.001"/>
  <system-out/>
  <testcase classname="TestNG.KIte_Test5" name="m1" time="0.005"/>
  <system-out/>
  <testcase classname="TestNG.KIte_Test5" name="m1" time="0.001"/>
  <system-out/>
  <testcase classname="TestNG.KIte_Test5" name="m1" time="0.002"/>
  <system-out/>
  <testcase classname="TestNG.KIte_Test5" name="m1" time="0.002"/>
  <system-out/>
  <testcase classname="TestNG.KIte_Test5" name="m1" time="0.001"/>
  <system-out/>
  <testcase classname="TestNG.KIte_Test5" name="m1" time="0.002"/>
  <system-out/>
  <testcase classname="TestNG.KIte_Test5" name="m1" time="0.001"/>
  <system-out/>
  <testcase classname="TestNG.KIte_Test5" name="m1" time="0.003"/>
  <system-out/>
  <testcase classname="TestNG.KIte_Test5" name="m1" time="0.001"/>
  <system-out/>
  <testcase classname="TestNG.KIte_Test5" name="m1" time="0.002"/>
  <system-out/>
  <testcase classname="TestNG.KIte_Test5" name="m1" time="0.002"/>
  <system-out/>
  <testcase classname="TestNG.KIte_Test5" name="m1" time="0.013"/>
  <system-out/>
  <testcase classname="TestNG.KIte_Test5" name="m1" time="0.001"/>
  <system-out/>
  <testcase classname="TestNG.KIte_Test5" name="m1" time="0.005"/>
  <system-out/>
  <testcase classname="TestNG.KIte_Test5" name="m1" time="0.002"/>
  <system-out/>
  <testcase classname="TestNG.KIte_Test5" name="m1" time="0.002"/>
  <system-out/>
  <testcase classname="TestNG.KIte_Test5" name="m1" time="0.001"/>
  <system-out/>
  <testcase classname="TestNG.KIte_Test5" name="m1" time="0.002"/>
  <system-out/>
  <testcase classname="TestNG.KIte_Test5" name="m1" time="0.004"/>
  <system-out/>
  <testcase classname="TestNG.KIte_Test5" name="m1" time="0.005"/>
  <system-out/>
  <testcase classname="TestNG.KIte_Test5" name="m1" time="0.006"/>
  <system-out/>
  <testcase classname="TestNG.KIte_Test5" name="m1" time="0.002"/>
  <system-out/>
  <testcase classname="TestNG.KIte_Test5" name="m1" time="0.002"/>
  <system-out/>
  <testcase classname="TestNG.KIte_Test5" name="m1" time="0.002"/>
  <system-out/>
  <testcase classname="TestNG.KIte_Test5" name="m1" time="0.001"/>
  <system-out/>
  <testcase classname="TestNG.KIte_Test5" name="m1" time="0.003"/>
  <system-out/>
  <testcase classname="TestNG.KIte_Test5" name="m1" time="0.003"/>
  <system-out/>
  <testcase classname="TestNG.KIte_Test5" name="m1" time="0.001"/>
  <system-out/>
  <testcase classname="TestNG.KIte_Test5" name="m1" time="0.002"/>
  <system-out/>
  <testcase classname="TestNG.KIte_Test5" name="m1" time="0.001"/>
  <system-out/>
  <testcase classname="TestNG.KIte_Test5" name="m1" time="0.001"/>
  <system-out/>
  <testcase classname="TestNG.KIte_Test5" name="m1" time="0.001"/>
  <system-out/>
  <testcase classname="TestNG.KIte_Test5" name="m1" time="0.008"/>
  <system-out/>
  <testcase classname="TestNG.KIte_Test5" name="m1" time="0.005"/>
  <system-out/>
  <testcase classname="TestNG.KIte_Test5" name="m1" time="0.001"/>
  <system-out/>
  <testcase classname="TestNG.KIte_Test5" name="m1" time="0.001"/>
  <system-out/>
  <testcase classname="TestNG.KIte_Test5" name="m1" time="0.003"/>
  <system-out/>
  <testcase classname="TestNG.KIte_Test5" name="m1" time="0.001"/>
  <system-out/>
  <testcase classname="TestNG.KIte_Test5" name="m1" time="0.002"/>
  <system-out/>
  <testcase classname="TestNG.KIte_Test5" name="m1" time="0.003"/>
  <system-out/>
  <testcase classname="TestNG.KIte_Test5" name="m1" time="0.002"/>
  <system-out/>
  <testcase classname="TestNG.KIte_Test5" name="m1" time="0.010"/>
  <system-out/>
  <testcase classname="TestNG.KIte_Test5" name="m1" time="0.001"/>
  <system-out/>
  <testcase classname="TestNG.KIte_Test5" name="m1" time="0.001"/>
  <system-out/>
  <testcase classname="TestNG.KIte_Test5" name="m1" time="0.002"/>
  <system-out/>
  <testcase classname="TestNG.KIte_Test5" name="m1" time="0.001"/>
  <system-out/>
  <testcase classname="TestNG.KIte_Test5" name="m1" time="0.003"/>
  <system-out/>
  <testcase classname="TestNG.KIte_Test5" name="m1" time="0.001"/>
  <system-out/>
  <testcase classname="TestNG.KIte_Test5" name="m1" time="0.001"/>
  <system-out/>
  <testcase classname="TestNG.KIte_Test5" name="m1" time="0.002"/>
  <system-out/>
  <testcase classname="TestNG.KIte_Test5" name="m1" time="0.014"/>
  <system-out/>
  <testcase classname="TestNG.KIte_Test5" name="m1" time="0.002"/>
  <system-out/>
  <testcase classname="TestNG.KIte_Test5" name="m1" time="0.009"/>
  <system-out/>
  <testcase classname="TestNG.KIte_Test5" name="m1" time="0.001"/>
  <system-out/>
  <testcase classname="TestNG.KIte_Test5" name="m1" time="0.000"/>
  <system-out/>
  <testcase classname="TestNG.KIte_Test5" name="m1" time="0.001"/>
  <system-out/>
  <testcase classname="TestNG.KIte_Test5" name="m1" time="0.005"/>
  <system-out/>
  <testcase classname="TestNG.KIte_Test5" name="m1" time="0.001"/>
  <system-out/>
</testsuite> <!-- TestNG.KIte_Test5 -->
