<?xml version="1.0" encoding="UTF-8"?>
<!-- Generated by org.testng.reporters.JUnitReportReporter -->
<testsuite skipped="0" hostname="vicky" name="PallaralTesting.Flipkart" tests="1" failures="0" timestamp="2022-07-14T16:38:19 IST" time="15.087" errors="0">
  <testcase name="TC1" time="15.087" classname="PallaralTesting.Flipkart"/>
  <system-out/>
</testsuite> <!-- PallaralTesting.Flipkart -->
