<?xml version="1.0" encoding="UTF-8"?>
<!-- Generated by org.testng.reporters.JUnitReportReporter -->
<testsuite hostname="vicky" failures="0" tests="1" name="TestNG.TestNg_expected_Exceptions" time="0.014" errors="0" timestamp="2022-06-30T21:11:45 IST" skipped="0">
  <testcase classname="TestNG.TestNg_expected_Exceptions" name="test" time="0.014"/>
  <system-out/>
</testsuite> <!-- TestNG.TestNg_expected_Exceptions -->
