<?xml version="1.0" encoding="UTF-8"?>
<!-- Generated by org.testng.reporters.JUnitReportReporter -->
<testsuite hostname="vicky" failures="0" tests="2" name="TestNG.AnnoTation_" time="0.025" errors="0" timestamp="2022-06-29T00:25:38 IST" skipped="0">
  <testcase classname="TestNG.AnnoTation_" name="test1" time="0.022"/>
  <system-out/>
  <testcase classname="TestNG.AnnoTation_" name="test2" time="0.003"/>
  <system-out/>
</testsuite> <!-- TestNG.AnnoTation_ -->
