<?xml version="1.0" encoding="UTF-8"?>
<!-- Generated by org.testng.reporters.JUnitReportReporter -->
<testsuite hostname="vicky" failures="0" tests="2" name="TestNG.Annotaion2" time="0.019" errors="0" timestamp="2022-06-29T10:06:06 IST" skipped="0">
  <testcase classname="TestNG.Annotaion2" name="test2" time="0.004"/>
  <system-out/>
  <testcase classname="TestNG.Annotaion2" name="test1" time="0.015"/>
  <system-out/>
</testsuite> <!-- TestNG.Annotaion2 -->
