<?xml version="1.0" encoding="UTF-8"?>
<!-- Generated by org.testng.reporters.JUnitReportReporter -->
<testsuite hostname="vicky" failures="0" tests="3" name="TestNG.TestNg_Enable" time="11.488" errors="0" timestamp="2022-06-30T20:22:19 IST" skipped="2">
  <testcase classname="TestNG.TestNg_Enable" name="LoginPage" time="11.488"/>
  <system-out/>
  <testcase classname="TestNG.TestNg_Enable" name="kitelogoTest">
    <skipped/>
  </testcase> <!-- kitelogoTest -->
  <system-out/>
  <testcase classname="TestNG.TestNg_Enable" name="forgetlink">
    <skipped/>
  </testcase> <!-- forgetlink -->
  <system-out/>
</testsuite> <!-- TestNG.TestNg_Enable -->
